<?xml version="1.0" encoding="UTF-8"?>
<!-- Generated by org.testng.reporters.JUnitReportReporter -->
<testsuite hostname="SameerRuddin" failures="0" tests="5" name="practicetestng.TestngDummy5" time="0.017" errors="0" timestamp="2022-11-08T20:48:42 IST" skipped="0">
  <testcase classname="practicetestng.TestngDummy5" name="method" time="0.001"/>
  <system-out/>
  <testcase classname="practicetestng.TestngDummy5" name="method" time="0.001"/>
  <system-out/>
  <testcase classname="practicetestng.TestngDummy5" name="method" time="0.013"/>
  <system-out/>
  <testcase classname="practicetestng.TestngDummy5" name="method" time="0.001"/>
  <system-out/>
  <testcase classname="practicetestng.TestngDummy5" name="method" time="0.001"/>
  <system-out/>
</testsuite> <!-- practicetestng.TestngDummy5 -->
