<?xml version="1.0" encoding="UTF-8"?>
<!-- Generated by org.testng.reporters.JUnitReportReporter -->
<testsuite hostname="SameerRuddin" failures="0" tests="1" name="org.karishma.framework.Dummy2" time="5.326" errors="0" timestamp="2022-10-16T17:03:40 IST" skipped="0">
  <testcase classname="org.karishma.framework.Dummy2" name="method" time="5.326"/>
  <system-out/>
</testsuite> <!-- org.karishma.framework.Dummy2 -->
