<?xml version="1.0" encoding="UTF-8"?>
<!-- Generated by org.testng.reporters.JUnitReportReporter -->
<testsuite hostname="SameerRuddin" failures="0" tests="3" name="practicetestng.TestngDummy8" time="0.023" errors="0" timestamp="2022-11-09T14:09:15 IST" skipped="0">
  <testcase classname="practicetestng.TestngDummy8" name="testmethod" time="0.019"/>
  <system-out/>
  <testcase classname="practicetestng.TestngDummy8" name="testmethod" time="0.002"/>
  <system-out/>
  <testcase classname="practicetestng.TestngDummy8" name="testmethod" time="0.002"/>
  <system-out/>
</testsuite> <!-- practicetestng.TestngDummy8 -->
