<?xml version="1.0" encoding="UTF-8"?>
<!-- Generated by org.testng.reporters.JUnitReportReporter -->
<testsuite hostname="SameerRuddin" failures="0" tests="4" name="rpack.RdemoTestng$DemoTestng" time="0.022" errors="0" timestamp="2022-11-11T18:10:18 IST" skipped="0">
  <testcase classname="rpack.RdemoTestng$DemoTestng" name="RoneA" time="0.017"/>
  <system-out/>
  <testcase classname="rpack.RdemoTestng$DemoTestng" name="RoneB" time="0.002"/>
  <system-out/>
  <testcase classname="rpack.RdemoTestng$DemoTestng" name="RoneC" time="0.001"/>
  <system-out/>
  <testcase classname="rpack.RdemoTestng$DemoTestng" name="RoneD" time="0.002"/>
  <system-out/>
</testsuite> <!-- rpack.RdemoTestng$DemoTestng -->
