<?xml version="1.0" encoding="UTF-8"?>
<!-- Generated by org.testng.reporters.JUnitReportReporter -->
<testsuite hostname="SameerRuddin" failures="0" tests="3" name="org.karishma.framework.Dummy8" time="0.015" errors="0" timestamp="2022-10-26T08:51:13 IST" skipped="0">
  <testcase classname="org.karishma.framework.Dummy8" name="testmethod" time="0.013"/>
  <system-out/>
  <testcase classname="org.karishma.framework.Dummy8" name="testmethod" time="0.000"/>
  <system-out/>
  <testcase classname="org.karishma.framework.Dummy8" name="testmethod" time="0.002"/>
  <system-out/>
</testsuite> <!-- org.karishma.framework.Dummy8 -->
