<?xml version="1.0" encoding="UTF-8"?>
<!-- Generated by org.testng.reporters.JUnitReportReporter -->
<testsuite hostname="SameerRuddin" failures="0" tests="1" name="org.karishma.framework.Dummy4" time="15.059" errors="0" timestamp="2022-10-16T17:21:02 IST" skipped="0">
  <testcase classname="org.karishma.framework.Dummy4" name="method" time="15.059"/>
  <system-out/>
</testsuite> <!-- org.karishma.framework.Dummy4 -->
