<?xml version="1.0" encoding="UTF-8"?>
<!-- Generated by org.testng.reporters.JUnitReportReporter -->
<testsuite hostname="SameerRuddin" failures="0" tests="3" name="org.karishma.framework.Dummy12" time="0.018" errors="0" timestamp="2022-10-26T12:24:52 IST" skipped="1">
  <testcase classname="org.karishma.framework.Dummy12" name="openbrowser" time="0.016"/>
  <system-out/>
  <testcase classname="org.karishma.framework.Dummy12" name="login" time="0.002"/>
  <system-out/>
  <testcase classname="org.karishma.framework.Dummy12" name="sendMail">
    <skipped/>
  </testcase> <!-- sendMail -->
  <system-out/>
</testsuite> <!-- org.karishma.framework.Dummy12 -->
