<?xml version="1.0" encoding="UTF-8"?>
<!-- Generated by org.testng.reporters.JUnitReportReporter -->
<testsuite hostname="SameerRuddin" failures="0" tests="2" name="org.karishma.framework.Dummy6" time="0.021" errors="0" timestamp="2022-10-16T17:56:23 IST" skipped="0">
  <testcase classname="org.karishma.framework.Dummy6" name="openbrowser" time="0.019"/>
  <system-out/>
  <testcase classname="org.karishma.framework.Dummy6" name="login" time="0.002"/>
  <system-out/>
</testsuite> <!-- org.karishma.framework.Dummy6 -->
