<?xml version="1.0" encoding="UTF-8"?>
<!-- Generated by org.testng.reporters.JUnitReportReporter -->
<testsuite hostname="SameerRuddin" failures="0" tests="1" name="org.karishma.framework.Dummy3" time="4.576" errors="0" timestamp="2022-10-16T17:12:40 IST" skipped="0">
  <testcase classname="org.karishma.framework.Dummy3" name="method" time="4.576"/>
  <system-out/>
</testsuite> <!-- org.karishma.framework.Dummy3 -->
