<?xml version="1.0" encoding="UTF-8"?>
<!-- Generated by org.testng.reporters.JUnitReportReporter -->
<testsuite hostname="SameerRuddin" failures="0" tests="1" name="practicetestng.TestngDummy1" time="0.018" errors="0" timestamp="2022-11-08T20:00:06 IST" skipped="0">
  <testcase classname="practicetestng.TestngDummy1" name="method" time="0.018"/>
  <system-out/>
</testsuite> <!-- practicetestng.TestngDummy1 -->
