<?xml version="1.0" encoding="UTF-8"?>
<!-- Generated by org.testng.reporters.JUnitReportReporter -->
<testsuite hostname="SameerRuddin" failures="0" tests="1" name="practicetestng.TestngDummy3" time="6.944" errors="0" timestamp="2022-11-08T20:25:10 IST" skipped="0">
  <testcase classname="practicetestng.TestngDummy3" name="method" time="6.944"/>
  <system-out/>
</testsuite> <!-- practicetestng.TestngDummy3 -->
