<?xml version="1.0" encoding="UTF-8"?>
<!-- Generated by org.testng.reporters.JUnitReportReporter -->
<testsuite hostname="SameerRuddin" failures="0" tests="4" name="practicetestng.TestngDummy6" time="0.015" errors="0" timestamp="2022-11-08T20:58:07 IST" skipped="0">
  <testcase classname="practicetestng.TestngDummy6" name="openbrowser" time="0.012"/>
  <system-out/>
  <testcase classname="practicetestng.TestngDummy6" name="login" time="0.001"/>
  <system-out/>
  <testcase classname="practicetestng.TestngDummy6" name="sendMail" time="0.001"/>
  <system-out/>
  <testcase classname="practicetestng.TestngDummy6" name="closebrowser" time="0.001"/>
  <system-out/>
</testsuite> <!-- practicetestng.TestngDummy6 -->
