<?xml version="1.0" encoding="UTF-8"?>
<!-- Generated by org.testng.reporters.JUnitReportReporter -->
<testsuite hostname="SameerRuddin" failures="0" tests="5" name="org.karishma.framework.Dummy5" time="0.023" errors="0" timestamp="2022-10-16T17:28:27 IST" skipped="0">
  <testcase classname="org.karishma.framework.Dummy5" name="method" time="0.002"/>
  <system-out/>
  <testcase classname="org.karishma.framework.Dummy5" name="method" time="0.017"/>
  <system-out/>
  <testcase classname="org.karishma.framework.Dummy5" name="method" time="0.001"/>
  <system-out/>
  <testcase classname="org.karishma.framework.Dummy5" name="method" time="0.001"/>
  <system-out/>
  <testcase classname="org.karishma.framework.Dummy5" name="method" time="0.002"/>
  <system-out/>
</testsuite> <!-- org.karishma.framework.Dummy5 -->
