<?xml version="1.0" encoding="UTF-8"?>
<!-- Generated by org.testng.reporters.JUnitReportReporter -->
<testsuite hostname="SameerRuddin" failures="0" tests="1" name="org.karishma.framework.Dummy" time="0.018" errors="0" timestamp="2022-10-16T16:41:53 IST" skipped="0">
  <testcase classname="org.karishma.framework.Dummy" name="method" time="0.018"/>
  <system-out/>
</testsuite> <!-- org.karishma.framework.Dummy -->
