<?xml version="1.0" encoding="UTF-8"?>
<!-- Generated by org.testng.reporters.JUnitReportReporter -->
<testsuite hostname="SameerRuddin" failures="0" tests="6" name="org.karishma.framework.Dummy9" time="0.021" errors="0" timestamp="2022-10-26T09:19:32 IST" skipped="0">
  <testcase classname="org.karishma.framework.Dummy9" name="testmethod1" time="0.001"/>
  <system-out/>
  <testcase classname="org.karishma.framework.Dummy9" name="testmethod1" time="0.001"/>
  <system-out/>
  <testcase classname="org.karishma.framework.Dummy9" name="testmethod1" time="0.011"/>
  <system-out/>
  <testcase classname="org.karishma.framework.Dummy9" name="testmethod2" time="0.002"/>
  <system-out/>
  <testcase classname="org.karishma.framework.Dummy9" name="testmethod2" time="0.002"/>
  <system-out/>
  <testcase classname="org.karishma.framework.Dummy9" name="testmethod2" time="0.004"/>
  <system-out/>
</testsuite> <!-- org.karishma.framework.Dummy9 -->
