<?xml version="1.0" encoding="UTF-8"?>
<!-- Generated by org.testng.reporters.JUnitReportReporter -->
<testsuite hostname="SameerRuddin" failures="0" tests="10" name="org.karishma.framework.Dummy11" time="0.035" errors="0" timestamp="2022-10-26T12:20:13 IST" skipped="0">
  <testcase classname="org.karishma.framework.Dummy11" name="numbersmultiply" time="0.002"/>
  <system-out/>
  <testcase classname="org.karishma.framework.Dummy11" name="numbersaddition" time="0.014"/>
  <system-out/>
  <testcase classname="org.karishma.framework.Dummy11" name="numbersdivision" time="0.002"/>
  <system-out/>
  <testcase classname="org.karishma.framework.Dummy11" name="numbersmultiply" time="0.006"/>
  <system-out/>
  <testcase classname="org.karishma.framework.Dummy11" name="numberssubstract" time="0.002"/>
  <system-out/>
  <testcase classname="org.karishma.framework.Dummy11" name="numbersdivision" time="0.002"/>
  <system-out/>
  <testcase classname="org.karishma.framework.Dummy11" name="numberssubstract" time="0.002"/>
  <system-out/>
  <testcase classname="org.karishma.framework.Dummy11" name="numbersaddition" time="0.001"/>
  <system-out/>
  <testcase classname="org.karishma.framework.Dummy11" name="stringconcat" time="0.001"/>
  <system-out/>
  <testcase classname="org.karishma.framework.Dummy11" name="stringconcat" time="0.003"/>
  <system-out/>
</testsuite> <!-- org.karishma.framework.Dummy11 -->
