<?xml version="1.0" encoding="UTF-8"?>
<!-- Generated by org.testng.reporters.JUnitReportReporter -->
<testsuite hostname="SameerRuddin" failures="0" tests="4" name="tpack.DemoTestng" time="0.008" errors="0" timestamp="2022-11-11T18:10:18 IST" skipped="0">
  <testcase classname="tpack.DemoTestng" name="oneC" time="0.002"/>
  <system-out/>
  <testcase classname="tpack.DemoTestng" name="oneD" time="0.003"/>
  <system-out/>
  <testcase classname="tpack.DemoTestng" name="oneA" time="0.002"/>
  <system-out/>
  <testcase classname="tpack.DemoTestng" name="oneB" time="0.001"/>
  <system-out/>
</testsuite> <!-- tpack.DemoTestng -->
