<?xml version="1.0" encoding="UTF-8"?>
<!-- Generated by org.testng.reporters.JUnitReportReporter -->
<testsuite hostname="SameerRuddin" failures="0" tests="1" name="practicetestng.TestngDummy2" time="5.434" errors="0" timestamp="2022-11-08T20:14:03 IST" skipped="0">
  <testcase classname="practicetestng.TestngDummy2" name="method" time="5.434"/>
  <system-out/>
</testsuite> <!-- practicetestng.TestngDummy2 -->
